<?xml version="1.0" encoding="UTF-8"?>
<!-- Generated by org.testng.reporters.JUnitXMLReporter -->
<testsuite ignored="0" hostname="lenovo" failures="0" tests="5" name="Default test" time="28.751" errors="0" timestamp="2024-11-09T16:31:39 GST">
  <testcase classname="testngpropertyfile.Login" name="loginWithValidCredentials" time="0.926"/>
  <testcase classname="testngpropertyfile.Login" name="loginWithInValidCredentials" time="0.65"/>
  <testcase classname="testngpropertyfile.Login" name="loginWithInValidEmailValidPassword" time="0.67"/>
  <testcase classname="testngpropertyfile.Login" name="loginWithValidEmailInValidPassword" time="0.631"/>
  <testcase classname="testngpropertyfile.Login" name="loginWithOutAnyCredentials" time="0.475"/>
</testsuite> <!-- Default test -->
