<?xml version="1.0" encoding="UTF-8"?>
<!-- Generated by org.testng.reporters.JUnitXMLReporter -->
<testsuite ignored="0" hostname="lenovo" failures="0" tests="11" name="Test" time="54.65" errors="0" timestamp="2024-11-09T16:34:56 GST">
  <testcase classname="testngpropertyfile.Login" name="loginWithValidCredentials" time="0.718"/>
  <testcase classname="testngpropertyfile.Login" name="loginWithInValidCredentials" time="0.786"/>
  <testcase classname="testngpropertyfile.Login" name="loginWithInValidEmailValidPassword" time="0.656"/>
  <testcase classname="testngpropertyfile.Login" name="loginWithValidEmailInValidPassword" time="0.593"/>
  <testcase classname="testngpropertyfile.Login" name="loginWithOutAnyCredentials" time="0.493"/>
  <testcase classname="testngpropertyfile.Register" name="registerWithMandatoryyField" time="1.174"/>
  <testcase classname="testngpropertyfile.Register" name="registerWithAllFields" time="1.33"/>
  <testcase classname="testngpropertyfile.Register" name="registerWithoutFieldsDisplayMessages" time="0.429"/>
  <testcase classname="testngpropertyfile.Search" name="verifySearchForExistingProduct" time="0.379"/>
  <testcase classname="testngpropertyfile.Search" name="verifySearchForNonExistingProduct" time="0.328"/>
  <testcase classname="testngpropertyfile.Search" name="verifySearchWithOutProduct" time="0.247"/>
</testsuite> <!-- Test -->
